#
# An unexpected error has been detected by Java Runtime Environment:
#
#  EXCEPTION_ACCESS_VIOLATION (0xc0000005) at pc=0x6d90e027, pid=8700, tid=11440
#
# Java VM: Java HotSpot(TM) Client VM (11.3-b02 mixed mode windows-x86)
# Problematic frame:
# V  [jvm.dll+0x5e027]
#
# If you would like to submit a bug report, please visit:
#   http://java.sun.com/webapps/bugreport/crash.jsp
#

---------------  T H R E A D  ---------------

Current thread (0x01627400):  VMThread [stack: 0x0b740000,0x0b790000] [id=11440]

siginfo: ExceptionCode=0xc0000005, reading address 0x1d59540c

Registers:
EAX=0x0148fef0, EBX=0x0148ff2c, ECX=0x1d595400, EDX=0x6da8c108
ESP=0x0b78f598, EBP=0x0148b028, ESI=0x0791fdd8, EDI=0x0791fdd8
EIP=0x6d90e027, EFLAGS=0x00010287

Top of Stack: (sp=0x0b78f598)
0x0b78f598:   0791fdd8 0791fdd8 6da2ed30 6d8ce78b
0x0b78f5a8:   0791fdd8 0b78f5f0 0b78f5f0 00000002
0x0b78f5b8:   0148e0a8 6d95f7b1 0791ff29 0148fd48
0x0b78f5c8:   6d95f581 0148fef0 6d92ea93 0b78f5f0
0x0b78f5d8:   00000000 0148e100 0791ff29 6d95f397
0x0b78f5e8:   0b78f5f0 00000000 6da948c8 0791ff29
0x0b78f5f8:   00000000 6d95a103 0791ff29 0791ff29
0x0b78f608:   00000000 0b78f720 00000000 6d9ef6e3 

Instructions: (pc=0x6d90e027)
0x6d90e017:   cc cc cc cc cc cc cc cc cc 51 56 8b f1 8b 4e 04
0x6d90e027:   8b 51 0c 83 c1 08 8b c2 c1 f8 02 85 d2 89 54 24 


Stack: [0x0b740000,0x0b790000],  sp=0x0b78f598,  free space=317k
Native frames: (J=compiled Java code, j=interpreted, Vv=VM code, C=native code)
V  [jvm.dll+0x5e027]

VM_Operation (0x0039f918): GenCollectForAllocation, mode: safepoint, requested by thread 0x01489c00


---------------  P R O C E S S  ---------------

Java Threads: ( => current thread )
  0x0168ec00 JavaThread "Unknown thread" [_thread_blocked, id=4292, stack(0x0bba0000,0x0bbf0000)]
  0x0bed1400 JavaThread "Unknown thread" [_thread_blocked, id=11716, stack(0x0bb50000,0x0bba0000)]
  0x01680000 JavaThread "Unknown thread" [_thread_in_native, id=5332, stack(0x0bb00000,0x0bb50000)]
  0x0167f800 JavaThread "Unknown thread" [_thread_blocked, id=8116, stack(0x0bab0000,0x0bb00000)]
  0x0167cc00 JavaThread "Unknown thread" [_thread_blocked, id=10000, stack(0x0b9c0000,0x0ba10000)]
  0x01672000 JavaThread "Unknown thread" [_thread_blocked, id=10052, stack(0x0b880000,0x0b8d0000)]
  0x01642400 JavaThread "Unknown thread" [_thread_blocked, id=5856, stack(0x0b830000,0x0b880000)]
  0x01630800 JavaThread "Unknown thread" [_thread_blocked, id=11316, stack(0x0b7e0000,0x0b830000)]
  0x0162c000 JavaThread "Unknown thread" [_thread_blocked, id=9680, stack(0x0b790000,0x0b7e0000)]
  0x01489c00 JavaThread "main" [_thread_blocked, id=11568, stack(0x00350000,0x003a0000)]

Other Threads:
=>0x01627400 VMThread [stack: 0x0b740000,0x0b790000] [id=11440]
  0x0168f400 WatcherThread [stack: 0x0bbf0000,0x0bc40000] [id=11156]

VM state:at safepoint (normal execution)

VM Mutex/Monitor currently owned by a thread:  ([mutex/lock_event])
[0x014880f8] UNKNOWN - owner thread: 0x01627400
[0x01488558] UNKNOWN - owner thread: 0x01489c00

Heap
 def new generation   total 960K, used 0K [0x03710000, 0x03810000, 0x03bf0000)
  eden space 896K,   0% used [0x03710000, 0x03710000, 0x037f0000)
  from space 64K,   0% used [0x037f0000, 0x037f00a8, 0x03800000)
  to   space 64K,   0% used [0x03800000, 0x03800000, 0x03810000)
 tenured generation   total 4096K, used 4088K [0x03bf0000, 0x03ff0000, 0x07710000)
   the space 4096K,  99% used [0x03bf0000, 0x03fee098, 0x03d57c00, 0x03ff0000)
 compacting perm gen  total 12288K, used 4029K [0x07710000, 0x08310000, 0x0b710000)
   the space 12288K,  32% used [0x07710000, 0x07aff5e8, 0x07afb400, 0x08310000)
No shared spaces configured.

Dynamic libraries:
0x00400000 - 0x00424000 	H:\MyEclipse\Common\binary\com.sun.java.jdk.win32.x86_1.6.0.013\bin\javaw.exe
0x77b20000 - 0x77c5c000 	C:\Windows\SYSTEM32\ntdll.dll
0x764e0000 - 0x765b4000 	C:\Windows\system32\kernel32.dll
0x75dd0000 - 0x75e1b000 	C:\Windows\system32\KERNELBASE.dll
0x768a0000 - 0x76940000 	C:\Windows\system32\ADVAPI32.dll
0x75f00000 - 0x75fac000 	C:\Windows\system32\msvcrt.dll
0x76700000 - 0x76719000 	C:\Windows\SYSTEM32\sechost.dll
0x76650000 - 0x766f1000 	C:\Windows\system32\RPCRT4.dll
0x76060000 - 0x76129000 	C:\Windows\system32\USER32.dll
0x77600000 - 0x7764e000 	C:\Windows\system32\GDI32.dll
0x77720000 - 0x7772a000 	C:\Windows\system32\LPK.dll
0x75fc0000 - 0x7605d000 	C:\Windows\system32\USP10.dll
0x76720000 - 0x7673f000 	C:\Windows\system32\IMM32.DLL
0x77650000 - 0x7771c000 	C:\Windows\system32\MSCTF.dll
0x7c340000 - 0x7c396000 	H:\MyEclipse\Common\binary\com.sun.java.jdk.win32.x86_1.6.0.013\jre\bin\msvcr71.dll
0x6d8b0000 - 0x6db06000 	H:\MyEclipse\Common\binary\com.sun.java.jdk.win32.x86_1.6.0.013\jre\bin\client\jvm.dll
0x74bd0000 - 0x74c02000 	C:\Windows\system32\WINMM.dll
0x75a40000 - 0x75a8c000 	C:\Windows\system32\apphelp.dll
0x6d340000 - 0x6d348000 	H:\MyEclipse\Common\binary\com.sun.java.jdk.win32.x86_1.6.0.013\jre\bin\hpi.dll
0x75fb0000 - 0x75fb5000 	C:\Windows\system32\PSAPI.DLL
0x6d430000 - 0x6d459000 	H:\MyEclipse\Common\binary\com.sun.java.jdk.win32.x86_1.6.0.013\jre\bin\jdwp.dll
0x6d750000 - 0x6d756000 	H:\MyEclipse\Common\binary\com.sun.java.jdk.win32.x86_1.6.0.013\jre\bin\npt.dll
0x6d860000 - 0x6d86c000 	H:\MyEclipse\Common\binary\com.sun.java.jdk.win32.x86_1.6.0.013\jre\bin\verify.dll
0x6d3e0000 - 0x6d3ff000 	H:\MyEclipse\Common\binary\com.sun.java.jdk.win32.x86_1.6.0.013\jre\bin\java.dll
0x6d8a0000 - 0x6d8af000 	H:\MyEclipse\Common\binary\com.sun.java.jdk.win32.x86_1.6.0.013\jre\bin\zip.dll
0x6d2b0000 - 0x6d2b7000 	H:\MyEclipse\Common\binary\com.sun.java.jdk.win32.x86_1.6.0.013\jre\bin\dt_socket.dll
0x762f0000 - 0x76325000 	C:\Windows\system32\WS2_32.dll
0x75ec0000 - 0x75ec6000 	C:\Windows\system32\NSI.dll
0x740b0000 - 0x740c0000 	C:\Windows\system32\NLAapi.dll
0x70150000 - 0x70160000 	C:\Windows\system32\napinsp.dll
0x70130000 - 0x70142000 	C:\Windows\system32\pnrpnsp.dll
0x75580000 - 0x755bc000 	C:\Windows\System32\mswsock.dll
0x75440000 - 0x75484000 	C:\Windows\system32\DNSAPI.dll
0x70120000 - 0x70128000 	C:\Windows\System32\winrnr.dll
0x75150000 - 0x7516c000 	C:\Windows\system32\IPHLPAPI.DLL
0x75140000 - 0x75147000 	C:\Windows\system32\WINNSI.DLL
0x722e0000 - 0x72318000 	C:\Windows\System32\fwpuclnt.dll
0x73bd0000 - 0x73bd6000 	C:\Windows\system32\rasadhlp.dll
0x74b20000 - 0x74b25000 	C:\Windows\System32\wshtcpip.dll
0x6d6c0000 - 0x6d6d3000 	H:\MyEclipse\Common\binary\com.sun.java.jdk.win32.x86_1.6.0.013\jre\bin\net.dll
0x75570000 - 0x75576000 	C:\Windows\System32\wship6.dll

VM Arguments:
jvm_args: -agentlib:jdwp=transport=dt_socket,suspend=y,address=localhost:63422 -Dfile.encoding=GBK 
java_command: rextest.Test
Launcher Type: SUN_STANDARD

Environment Variables:
JAVA_HOME=H:\MyEclipse\Common\binary\com.sun.java.jdk.win32.x86_1.6.0.013
CLASSPATH=.;H:\MyEclipse\Common\binary\com.sun.java.jdk.win32.x86_1.6.0.013\lib
PATH=H:\MyEclipse\Common\binary\com.sun.java.jdk.win32.x86_1.6.0.013\jre\bin;H:/MyEclipse/Common/binary/com.sun.java.jdk.win32.x86_1.6.0.013/jre/bin/client;H:/MyEclipse/Common/binary/com.sun.java.jdk.win32.x86_1.6.0.013/jre/bin;H:/MyEclipse/Common/binary/com.sun.java.jdk.win32.x86_1.6.0.013/jre/lib/i386;H:\MyEclipse\Common\binary\com.sun.java.jdk.win32.x86_1.6.0.013\bin;D:\oracle\product\10.1.0\Db_1\bin;D:\oracle\product\10.1.0\Db_1\jre\1.4.2\bin\client;D:\oracle\product\10.1.0\Db_1\jre\1.4.2\bin;C:\Windows\system32;C:\Windows;C:\Windows\System32\Wbem;C:\Windows\System32\WindowsPowerShell\v1.0\;C:\Program Files\ATI Technologies\ATI.ACE\Core-Static;E:\myeclipse10\Common\binary\com.sun.java.jdk.win32.x86_1.6.0.013\bin;C:\Program Files\Windows Kits\8.1\Windows Performance Toolkit\;C:\Program Files\Microsoft SQL Server\110\Tools\Binn\;C:\Program Files\Microsoft SQL Server\110\DTS\Binn\;C:\Program Files\Microsoft SQL Server\110\Tools\Binn\ManagementStudio\;C:\Program Files\Microsoft Visual Studio 10.0\Common7\IDE\PrivateAssemblies\;E:\ssh
USERNAME=shu
OS=Windows_NT
PROCESSOR_IDENTIFIER=x86 Family 6 Model 42 Stepping 7, GenuineIntel



---------------  S Y S T E M  ---------------

OS: Windows NT 6.1 Build 7601 Service Pack 1

CPU:total 4 (8 cores per cpu, 2 threads per core) family 6 model 10 stepping 7, cmov, cx8, fxsr, mmx, sse, sse2, sse3, ssse3, ht

Memory: 4k page, physical 2097151k(475156k free), swap 4194303k(2922104k free)

vm_info: Java HotSpot(TM) Client VM (11.3-b02) for windows-x86 JRE (1.6.0_13-b03), built on Mar  9 2009 01:15:24 by "java_re" with MS VC++ 7.1

time: Tue Nov 25 15:56:06 2014
elapsed time: 478 seconds

